

HI-TECH Software PICC Macro Assembler V9.65PL1 build 4898 
                                                      Sat Oct 18 21:23:23 2014


     1                           
     2                           	; HI-TECH C PRO for the PIC10/12/16 MCU family
                                  V9.65PL1
     3                           	; Copyright (C) 1984-2009 HI-TECH Software
     4                           	;Serial no. HCPICP-654321
     5                           
     6                           	; Auto-generated runtime startup code for fina
                                 l link stage.
     7                           
     8                           	;
     9                           	; Compiler options:
    10                           	;
    11                           	; -ovaisu.cof -mvaisu.map --summary=default --
                                 output=default main.p1 \
    12                           	; --chip=16F877A -P --runtime=default --opt=de
                                 fault -D__DEBUG=1 -g \
    13                           	; --asmlist --errformat=Error   [%n] %f; %l.%c
                                  %s \
    14                           	; --msgformat=Advisory[%n] %s --warnformat=War
                                 ning [%n] %f; %l.%c %s
    15                           	;
    16                           
    17                           
    18                           	processor	16F877A
    19                           
    20                           	global	_main,start,_exit,reset_vec
    21                           	fnroot	_main
    22                           	psect	config,class=CONFIG,delta=2
    23                           	psect	idloc,class=IDLOC,delta=2
    24                           	psect	rbss_0,class=BANK0,space=1
    25                           	psect	rbss_1,class=BANK1,space=1
    26                           	psect	rbss_2,class=BANK2,space=1
    27                           	psect	rbss_3,class=BANK3,space=1
    28                           	psect	rdata_0,class=BANK0,space=1
    29                           	psect	rdata_1,class=BANK1,space=1
    30                           	psect	rdata_2,class=BANK2,space=1
    31                           	psect	rdata_3,class=BANK3,space=1
    32                           	psect	nvram,class=BANK0,space=1
    33                           	psect	nvram_1,class=BANK1,space=1
    34                           	psect	nvram_2,class=BANK2,space=1
    35                           	psect	nvram_3,class=BANK3,space=1
    36                           	psect	nvbit_0,class=BANK0,bit,space=1
    37                           	psect	nvbit_1,class=BANK1,bit,space=1
    38                           	psect	nvbit_2,class=BANK2,bit,space=1
    39                           	psect	nvbit_3,class=BANK3,bit,space=1
    40                           	psect	temp,ovrld,class=BANK0,space=1
    41                           	psect	struct,ovrld,class=BANK0,space=1
    42                           	psect	code,class=CODE,delta=2
    43                           	psect	rbit_0,class=BANK0,bit,space=1
    44                           	psect	ptbit_0,class=BANK0,bit,space=1
    45                           	psect	rbit_1,class=BANK1,bit,space=1
    46                           	psect	rbit_2,class=BANK2,bit,space=1
    47                           	psect	rbit_3,class=BANK3,bit,space=1
    48                           	psect	pstrings,class=CODE,delta=2
    49                           	psect	powerup,class=CODE,delta=2
    50                           	psect	reset_vec,class=CODE,delta=2
    51                           	psect	maintext,class=CODE,delta=2
    52  0000                     	C	set	0
    53  0000                     	Z	set	2
    54  0000                     	PCL	set	2
    55  0000                     	INDF	set	0
    56                           
    57                           	psect	fnautoc,class=COMMON,space=1
    58                           	psect	common,class=COMMON,space=1
    59                           	psect	fnauto0,class=BANK0,space=1
    60                           	psect	fnauto1,class=BANK1,space=1
    61                           	psect	fnauto2,class=BANK2,space=1
    62                           	psect	fnauto3,class=BANK3,space=1
    63  0000                     	STATUS	equ	3
    64  0000                     	PCLATH	equ	0Ah
    65                           
    66                           	psect	eeprom_data,class=EEDATA,delta=2,space=2
    67                           	psect	idata,class=CODE,delta=2
    68                           	psect	idata_0,class=CODE,delta=2
    69                           	psect	idata_1,class=CODE,delta=2
    70                           	psect	idata_2,class=CODE,delta=2
    71                           	psect	idata_3,class=CODE,delta=2
    72                           	psect	intcode,class=CODE,delta=2
    73                           	psect	intret,class=CODE,delta=2
    74                           	psect	intentry,class=CODE,delta=2
    75                           	global	intlevel0,intlevel1,intlevel2, intlevel
                                 3, intlevel4, intlevel5
    76  0000                     intlevel0:
    77  0000                     intlevel1:
    78  0000                     intlevel2:
    79  0000                     intlevel3:
    80  0000                     intlevel4:
    81  0000                     intlevel5:
    82                           	psect	intsave,class=BANK0,space=1
    83                           	psect	intsave_1,class=BANK1,space=1
    84                           	psect	intsave_2,class=BANK2,space=1
    85                           	psect	intsave_3,class=BANK3,space=1
    86                           	psect	init,class=CODE,delta=2
    87                           	psect	init23,class=CODE,delta=2
    88                           	psect	text,class=CODE,delta=2
    89                           	psect	end_init,class=CODE,delta=2
    90                           	psect	clrtext,class=CODE,delta=2
    91                           	psect	float_text0,class=CODE,delta=2,size=2048
    92                           	psect	float_text1,class=CODE,delta=2,size=2048
    93                           	psect	float_text2,class=CODE,delta=2,size=2048
    94                           	psect	float_text3,class=CODE,delta=2,size=2048
    95                           	psect	float_text4,class=CODE,delta=2,size=2048
    96  0000                     	FSR	set	4
    97                           	psect	strings,class=CODE,delta=2,reloc=256
    98                           
    99                           	psect	reset_vec
   100  0000                     reset_vec:
   101                           	; No powerup routine
   102                           	; No interrupt routine
   103                           
   104                           
   105                           	psect	init
   106  0000                     start
   107  0000                     _exit
   108                           
   109                           ;----------------------------------------------
                                 ---------------------------------
   110                           ;		Clear (zero) uninitialized global variables
   111                           
   112                           ;	No RAM objects to clear in bank 0
   113                           ;	No RAM objects to clear in bank 1
   114                           ;	No RAM objects to clear in bank 2
   115                           ;	No RAM objects to clear in bank 3
   116                           ;	2 bytes of RAM objects in common bank to zero
   117                           
   118                           	psect	init
   119                           	global	__Lcommon
   120                           ;	Sequence of clrf's more optimal than using cl
                                 ear routine
   121  0000  01FC               	clrf	(__Lcommon+0)		;clear byte at RAM address
                                  0x7C
   122  0001  01FD               	clrf	(__Lcommon+1)		;clear byte at RAM address
                                  0x7D
   123                           
   124                           
   125                           ;----------------------------------------------
                                 ---------------------------------
   126                           	psect	end_init
   127  0002  120A  118A  2805   	ljmp _main


HI-TECH Software PICC Macro Assembler V9.65PL1 build 4898 
Symbol Table                                          Sat Oct 18 21:23:23 2014

      _main 0005        _exit 0000        start 0000    intlevel0 0000  
  intlevel1 0000    intlevel2 0000    intlevel3 0000    intlevel4 0000  
  intlevel5 0000    reset_vec 0000    __Lcommon 007C  
